2019-07-12 16:13:58,426 ----------------------------------------------------------------------------------------------------
2019-07-12 16:13:58,427 Evaluation method: MICRO_F1_SCORE
2019-07-12 16:13:59,033 ----------------------------------------------------------------------------------------------------
2019-07-12 16:14:02,728 epoch 1 - iter 0/745 - loss 100.67157745
2019-07-12 16:19:24,435 epoch 1 - iter 74/745 - loss 9.71840349
2019-07-12 16:24:28,572 epoch 1 - iter 148/745 - loss 7.11982893
2019-07-12 16:29:30,686 epoch 1 - iter 222/745 - loss 6.20409526
2019-07-12 16:34:35,950 epoch 1 - iter 296/745 - loss 5.57997630
2019-07-12 16:39:46,887 epoch 1 - iter 370/745 - loss 5.14621733
2019-07-12 16:44:50,768 epoch 1 - iter 444/745 - loss 4.81837959
2019-07-12 16:49:50,876 epoch 1 - iter 518/745 - loss 4.58074772
2019-07-12 16:54:50,641 epoch 1 - iter 592/745 - loss 4.38597635
2019-07-12 16:59:50,662 epoch 1 - iter 666/745 - loss 4.22388109
2019-07-12 17:05:02,336 epoch 1 - iter 740/745 - loss 4.07986714
2019-07-12 17:05:22,307 ----------------------------------------------------------------------------------------------------
2019-07-12 17:05:22,308 EPOCH 1 done: loss 4.0702 - lr 0.1000 - bad epochs 0
2019-07-12 17:41:48,192 DEV : loss 2.184711456298828 - score 0.5344
2019-07-12 18:13:13,813 TEST : loss 2.0464704036712646 - score 0.555
2019-07-12 18:13:15,949 ----------------------------------------------------------------------------------------------------
2019-07-12 18:13:20,819 epoch 2 - iter 0/745 - loss 4.25735617
2019-07-12 18:18:49,262 epoch 2 - iter 74/745 - loss 2.84615298
2019-07-12 18:23:52,389 epoch 2 - iter 148/745 - loss 2.64676753
2019-07-12 18:29:06,756 epoch 2 - iter 222/745 - loss 2.54738853
2019-07-12 18:34:08,521 epoch 2 - iter 296/745 - loss 2.52931471
2019-07-12 18:39:07,565 epoch 2 - iter 370/745 - loss 2.48619056
2019-07-12 18:44:04,754 epoch 2 - iter 444/745 - loss 2.42709709
2019-07-12 18:49:08,438 epoch 2 - iter 518/745 - loss 2.40285837
2019-07-12 18:54:10,178 epoch 2 - iter 592/745 - loss 2.39087229
2019-07-12 18:59:24,214 epoch 2 - iter 666/745 - loss 2.37588234
2019-07-12 19:04:06,137 epoch 2 - iter 740/745 - loss 2.36446640
2019-07-12 19:04:19,748 ----------------------------------------------------------------------------------------------------
2019-07-12 19:04:19,749 EPOCH 2 done: loss 2.3615 - lr 0.1000 - bad epochs 0
2019-07-12 19:41:11,769 DEV : loss 1.9653160572052002 - score 0.5828
2019-07-12 20:12:46,651 TEST : loss 1.7984522581100464 - score 0.6069
2019-07-12 20:12:50,571 ----------------------------------------------------------------------------------------------------
2019-07-12 20:12:56,474 epoch 3 - iter 0/745 - loss 1.09603882
2019-07-12 20:18:00,368 epoch 3 - iter 74/745 - loss 2.01563005
2019-07-12 20:23:01,362 epoch 3 - iter 148/745 - loss 2.04381328
2019-07-12 20:27:57,053 epoch 3 - iter 222/745 - loss 2.09851070
2019-07-12 20:32:58,109 epoch 3 - iter 296/745 - loss 2.07041985
2019-07-12 20:37:51,644 epoch 3 - iter 370/745 - loss 2.07505693
2019-07-12 20:42:54,237 epoch 3 - iter 444/745 - loss 2.08074774
2019-07-12 20:48:11,263 epoch 3 - iter 518/745 - loss 2.06541534
2019-07-12 20:53:04,270 epoch 3 - iter 592/745 - loss 2.04635167
2019-07-12 20:58:05,301 epoch 3 - iter 666/745 - loss 2.05898440
2019-07-12 21:03:12,847 epoch 3 - iter 740/745 - loss 2.04788820
2019-07-12 21:03:25,277 ----------------------------------------------------------------------------------------------------
2019-07-12 21:03:25,278 EPOCH 3 done: loss 2.0416 - lr 0.1000 - bad epochs 0
2019-07-12 21:40:19,592 DEV : loss 1.6695982217788696 - score 0.6538
2019-07-12 22:11:58,621 TEST : loss 1.438650131225586 - score 0.6813
2019-07-12 22:12:02,520 ----------------------------------------------------------------------------------------------------
2019-07-12 22:12:07,560 epoch 4 - iter 0/745 - loss 1.60506117
2019-07-12 22:17:14,086 epoch 4 - iter 74/745 - loss 1.97118001
2019-07-12 22:22:25,443 epoch 4 - iter 148/745 - loss 1.89988878
2019-07-12 22:27:20,452 epoch 4 - iter 222/745 - loss 1.89898766
2019-07-12 22:32:13,416 epoch 4 - iter 296/745 - loss 1.87244642
2019-07-12 22:37:12,370 epoch 4 - iter 370/745 - loss 1.84687433
2019-07-12 22:42:15,572 epoch 4 - iter 444/745 - loss 1.81844751
2019-07-12 22:47:22,392 epoch 4 - iter 518/745 - loss 1.80655352
2019-07-12 22:52:19,977 epoch 4 - iter 592/745 - loss 1.82281593
2019-07-12 22:57:45,567 epoch 4 - iter 666/745 - loss 1.82756472
2019-07-12 23:02:44,642 epoch 4 - iter 740/745 - loss 1.82882030
2019-07-12 23:02:56,802 ----------------------------------------------------------------------------------------------------
2019-07-12 23:02:56,803 EPOCH 4 done: loss 1.8273 - lr 0.1000 - bad epochs 0
2019-07-12 23:39:28,374 DEV : loss 1.6008176803588867 - score 0.6765
2019-07-13 00:11:24,574 TEST : loss 1.3468371629714966 - score 0.7092
2019-07-13 00:11:28,476 ----------------------------------------------------------------------------------------------------
2019-07-13 00:11:32,176 epoch 5 - iter 0/745 - loss 0.91905129
2019-07-13 00:16:09,721 epoch 5 - iter 74/745 - loss 1.72137893
2019-07-13 00:21:10,696 epoch 5 - iter 148/745 - loss 1.71826815
2019-07-13 00:26:21,089 epoch 5 - iter 222/745 - loss 1.74099119
2019-07-13 00:31:10,566 epoch 5 - iter 296/745 - loss 1.75977887
2019-07-13 00:36:16,609 epoch 5 - iter 370/745 - loss 1.74160910
2019-07-13 00:41:07,881 epoch 5 - iter 444/745 - loss 1.71537310
2019-07-13 00:46:01,532 epoch 5 - iter 518/745 - loss 1.69673294
2019-07-13 00:51:00,562 epoch 5 - iter 592/745 - loss 1.67914988
2019-07-13 00:56:13,412 epoch 5 - iter 666/745 - loss 1.69834854
2019-07-13 01:01:27,315 epoch 5 - iter 740/745 - loss 1.69728402
2019-07-13 01:01:38,153 ----------------------------------------------------------------------------------------------------
2019-07-13 01:01:38,154 EPOCH 5 done: loss 1.6931 - lr 0.1000 - bad epochs 0
2019-07-13 01:38:09,660 DEV : loss 1.5250625610351562 - score 0.6948
2019-07-13 02:09:53,374 TEST : loss 1.2509251832962036 - score 0.7234
2019-07-13 02:09:57,240 ----------------------------------------------------------------------------------------------------
2019-07-13 02:10:00,475 epoch 6 - iter 0/745 - loss 1.02836347
2019-07-13 02:14:56,653 epoch 6 - iter 74/745 - loss 1.72809296
2019-07-13 02:19:53,694 epoch 6 - iter 148/745 - loss 1.69163280
2019-07-13 02:24:53,516 epoch 6 - iter 222/745 - loss 1.64365220
2019-07-13 02:29:51,812 epoch 6 - iter 296/745 - loss 1.62357898
2019-07-13 02:34:51,833 epoch 6 - iter 370/745 - loss 1.61483035
2019-07-13 02:39:57,169 epoch 6 - iter 444/745 - loss 1.63356978
2019-07-13 02:45:01,177 epoch 6 - iter 518/745 - loss 1.63719533
2019-07-13 02:50:17,232 epoch 6 - iter 592/745 - loss 1.63582741
2019-07-13 02:55:26,495 epoch 6 - iter 666/745 - loss 1.63398750
2019-07-13 03:00:41,132 epoch 6 - iter 740/745 - loss 1.61434778
2019-07-13 03:00:58,755 ----------------------------------------------------------------------------------------------------
2019-07-13 03:00:58,756 EPOCH 6 done: loss 1.6145 - lr 0.1000 - bad epochs 0
2019-07-13 03:37:16,472 DEV : loss 1.5276557207107544 - score 0.7053
2019-07-13 04:09:20,592 TEST : loss 1.2463754415512085 - score 0.7359
2019-07-13 04:09:24,492 ----------------------------------------------------------------------------------------------------
2019-07-13 04:09:29,707 epoch 7 - iter 0/745 - loss 2.11855030
2019-07-13 04:14:26,208 epoch 7 - iter 74/745 - loss 1.44176554
2019-07-13 04:19:23,719 epoch 7 - iter 148/745 - loss 1.42895791
2019-07-13 04:25:00,772 epoch 7 - iter 222/745 - loss 1.51104806
2019-07-13 04:30:08,991 epoch 7 - iter 296/745 - loss 1.52440039
2019-07-13 04:34:52,694 epoch 7 - iter 370/745 - loss 1.51538614
2019-07-13 04:39:56,450 epoch 7 - iter 444/745 - loss 1.49366934
2019-07-13 04:45:13,645 epoch 7 - iter 518/745 - loss 1.50943408
2019-07-13 04:50:38,471 epoch 7 - iter 592/745 - loss 1.52825028
2019-07-13 04:55:33,473 epoch 7 - iter 666/745 - loss 1.53773864
2019-07-13 05:00:30,698 epoch 7 - iter 740/745 - loss 1.52817581
2019-07-13 05:00:43,306 ----------------------------------------------------------------------------------------------------
2019-07-13 05:00:43,307 EPOCH 7 done: loss 1.5240 - lr 0.1000 - bad epochs 0
2019-07-13 05:37:07,934 DEV : loss 1.4645497798919678 - score 0.7153
2019-07-13 06:09:34,634 TEST : loss 1.1558722257614136 - score 0.7461
2019-07-13 06:09:38,600 ----------------------------------------------------------------------------------------------------
2019-07-13 06:09:44,537 epoch 8 - iter 0/745 - loss 1.84178925
2019-07-13 06:15:01,339 epoch 8 - iter 74/745 - loss 1.45370474
2019-07-13 06:19:48,362 epoch 8 - iter 148/745 - loss 1.49247133
2019-07-13 06:24:46,044 epoch 8 - iter 222/745 - loss 1.47821769
2019-07-13 06:29:32,332 epoch 8 - iter 296/745 - loss 1.44625694
2019-07-13 06:34:41,290 epoch 8 - iter 370/745 - loss 1.42839551
2019-07-13 06:39:38,023 epoch 8 - iter 444/745 - loss 1.41767186
2019-07-13 06:44:45,636 epoch 8 - iter 518/745 - loss 1.42269404
2019-07-13 06:50:09,218 epoch 8 - iter 592/745 - loss 1.44962033
2019-07-13 06:55:05,845 epoch 8 - iter 666/745 - loss 1.44594479
2019-07-13 07:00:28,350 epoch 8 - iter 740/745 - loss 1.45560034
2019-07-13 07:00:39,636 ----------------------------------------------------------------------------------------------------
2019-07-13 07:00:39,637 EPOCH 8 done: loss 1.4587 - lr 0.1000 - bad epochs 0
2019-07-13 07:36:50,835 DEV : loss 1.468407154083252 - score 0.7185
2019-07-13 08:08:00,161 TEST : loss 1.1630194187164307 - score 0.7465
2019-07-13 08:08:04,036 ----------------------------------------------------------------------------------------------------
2019-07-13 08:08:08,657 epoch 9 - iter 0/745 - loss 1.01198959
2019-07-13 08:13:22,524 epoch 9 - iter 74/745 - loss 1.30249673
2019-07-13 08:18:10,942 epoch 9 - iter 148/745 - loss 1.31880872
2019-07-13 08:23:29,499 epoch 9 - iter 222/745 - loss 1.34853646
2019-07-13 08:28:17,176 epoch 9 - iter 296/745 - loss 1.34808074
2019-07-13 08:33:12,300 epoch 9 - iter 370/745 - loss 1.35069654
2019-07-13 08:38:14,024 epoch 9 - iter 444/745 - loss 1.37100412
2019-07-13 08:43:10,764 epoch 9 - iter 518/745 - loss 1.37548947
2019-07-13 08:48:33,940 epoch 9 - iter 592/745 - loss 1.37382533
2019-07-13 08:53:29,157 epoch 9 - iter 666/745 - loss 1.37713307
2019-07-13 08:58:27,449 epoch 9 - iter 740/745 - loss 1.38214107
2019-07-13 08:58:41,181 ----------------------------------------------------------------------------------------------------
2019-07-13 08:58:41,182 EPOCH 9 done: loss 1.3787 - lr 0.1000 - bad epochs 0
2019-07-13 09:35:57,548 DEV : loss 1.4526011943817139 - score 0.7252
2019-07-13 10:08:19,417 TEST : loss 1.1200833320617676 - score 0.7545
2019-07-13 10:08:23,406 ----------------------------------------------------------------------------------------------------
2019-07-13 10:08:29,530 epoch 10 - iter 0/745 - loss 1.14614296
2019-07-13 10:13:39,132 epoch 10 - iter 74/745 - loss 1.37889354
2019-07-13 10:18:36,359 epoch 10 - iter 148/745 - loss 1.33213307
2019-07-13 10:23:52,174 epoch 10 - iter 222/745 - loss 1.34502384
2019-07-13 10:28:49,958 epoch 10 - iter 296/745 - loss 1.34382331
2019-07-13 10:33:42,115 epoch 10 - iter 370/745 - loss 1.35127087
2019-07-13 10:38:58,432 epoch 10 - iter 444/745 - loss 1.35959958
2019-07-13 10:44:01,827 epoch 10 - iter 518/745 - loss 1.35435194
2019-07-13 10:49:03,518 epoch 10 - iter 592/745 - loss 1.35864384
2019-07-13 10:53:49,816 epoch 10 - iter 666/745 - loss 1.34729088
2019-07-13 10:58:37,461 epoch 10 - iter 740/745 - loss 1.32898709
2019-07-13 10:58:55,145 ----------------------------------------------------------------------------------------------------
2019-07-13 10:58:55,146 EPOCH 10 done: loss 1.3351 - lr 0.1000 - bad epochs 0
2019-07-13 11:35:09,163 DEV : loss 1.447108507156372 - score 0.7304
2019-07-13 12:06:58,001 TEST : loss 1.0983351469039917 - score 0.766
2019-07-13 12:07:01,960 ----------------------------------------------------------------------------------------------------
2019-07-13 12:07:07,534 epoch 11 - iter 0/745 - loss 0.78646755
2019-07-13 12:12:02,687 epoch 11 - iter 74/745 - loss 1.27611616
2019-07-13 12:16:56,781 epoch 11 - iter 148/745 - loss 1.27025440
2019-07-13 12:22:10,871 epoch 11 - iter 222/745 - loss 1.28412597
2019-07-13 12:27:03,111 epoch 11 - iter 296/745 - loss 1.27081400
2019-07-13 12:32:17,560 epoch 11 - iter 370/745 - loss 1.30930995
2019-07-13 12:37:19,102 epoch 11 - iter 444/745 - loss 1.31451315
2019-07-13 12:42:08,868 epoch 11 - iter 518/745 - loss 1.29154384
2019-07-13 12:47:08,912 epoch 11 - iter 592/745 - loss 1.30442668
2019-07-13 12:52:06,410 epoch 11 - iter 666/745 - loss 1.30384999
2019-07-13 12:57:15,706 epoch 11 - iter 740/745 - loss 1.29861647
2019-07-13 12:57:31,512 ----------------------------------------------------------------------------------------------------
2019-07-13 12:57:31,513 EPOCH 11 done: loss 1.2972 - lr 0.1000 - bad epochs 0
2019-07-13 13:33:59,988 DEV : loss 1.3894659280776978 - score 0.737
2019-07-13 14:05:30,359 TEST : loss 1.0353608131408691 - score 0.7725
2019-07-13 14:05:34,389 ----------------------------------------------------------------------------------------------------
2019-07-13 14:05:40,028 epoch 12 - iter 0/745 - loss 1.10190392
2019-07-13 14:10:54,625 epoch 12 - iter 74/745 - loss 1.22882509
2019-07-13 14:15:34,133 epoch 12 - iter 148/745 - loss 1.18327209
2019-07-13 14:20:25,542 epoch 12 - iter 222/745 - loss 1.16207414
2019-07-13 14:25:20,431 epoch 12 - iter 296/745 - loss 1.19903510
2019-07-13 14:30:34,491 epoch 12 - iter 370/745 - loss 1.21614700
2019-07-13 14:35:36,958 epoch 12 - iter 444/745 - loss 1.23567086
2019-07-13 14:40:46,008 epoch 12 - iter 518/745 - loss 1.23221841
2019-07-13 14:45:43,277 epoch 12 - iter 592/745 - loss 1.23096962
2019-07-13 14:50:40,694 epoch 12 - iter 666/745 - loss 1.24600248
2019-07-13 14:56:00,026 epoch 12 - iter 740/745 - loss 1.24381601
2019-07-13 14:56:13,953 ----------------------------------------------------------------------------------------------------
2019-07-13 14:56:13,954 EPOCH 12 done: loss 1.2479 - lr 0.1000 - bad epochs 0
2019-07-13 15:32:36,505 DEV : loss 1.4026234149932861 - score 0.7349
2019-07-13 16:04:27,475 TEST : loss 1.0422422885894775 - score 0.771
2019-07-13 16:04:27,475 ----------------------------------------------------------------------------------------------------
2019-07-13 16:04:33,573 epoch 13 - iter 0/745 - loss 2.78738189
2019-07-13 16:09:34,205 epoch 13 - iter 74/745 - loss 1.32376068
2019-07-13 16:14:39,079 epoch 13 - iter 148/745 - loss 1.26824428
2019-07-13 16:19:47,673 epoch 13 - iter 222/745 - loss 1.25576357
2019-07-13 16:25:00,157 epoch 13 - iter 296/745 - loss 1.24134033
2019-07-13 16:30:03,413 epoch 13 - iter 370/745 - loss 1.24860684
2019-07-13 16:35:07,930 epoch 13 - iter 444/745 - loss 1.24606416
2019-07-13 16:39:54,309 epoch 13 - iter 518/745 - loss 1.23588130
2019-07-13 16:44:51,768 epoch 13 - iter 592/745 - loss 1.21988642
2019-07-13 16:49:53,323 epoch 13 - iter 666/745 - loss 1.22815349
2019-07-13 16:55:01,691 epoch 13 - iter 740/745 - loss 1.22696905
2019-07-13 16:55:14,989 ----------------------------------------------------------------------------------------------------
2019-07-13 16:55:14,990 EPOCH 13 done: loss 1.2261 - lr 0.1000 - bad epochs 1
2019-07-13 17:31:36,384 DEV : loss 1.4326965808868408 - score 0.7412
2019-07-13 18:03:10,814 TEST : loss 1.035805344581604 - score 0.7769
2019-07-13 18:03:14,876 ----------------------------------------------------------------------------------------------------
2019-07-13 18:03:21,392 epoch 14 - iter 0/745 - loss 0.92701280
2019-07-13 18:08:27,044 epoch 14 - iter 74/745 - loss 1.17593323
2019-07-13 18:13:15,150 epoch 14 - iter 148/745 - loss 1.16003208
2019-07-13 18:18:12,348 epoch 14 - iter 222/745 - loss 1.16278219
2019-07-13 18:23:13,985 epoch 14 - iter 296/745 - loss 1.19153743
2019-07-13 18:28:26,200 epoch 14 - iter 370/745 - loss 1.19849592
2019-07-13 18:33:26,423 epoch 14 - iter 444/745 - loss 1.19468366
2019-07-13 18:38:26,417 epoch 14 - iter 518/745 - loss 1.19559481
2019-07-13 18:43:30,115 epoch 14 - iter 592/745 - loss 1.18896909
2019-07-13 18:48:36,889 epoch 14 - iter 666/745 - loss 1.21096062
2019-07-13 18:53:34,166 epoch 14 - iter 740/745 - loss 1.21072390
2019-07-13 18:53:48,513 ----------------------------------------------------------------------------------------------------
2019-07-13 18:53:48,514 EPOCH 14 done: loss 1.2105 - lr 0.1000 - bad epochs 0
2019-07-13 19:30:27,071 DEV : loss 1.425525426864624 - score 0.7295
2019-07-13 20:02:17,473 TEST : loss 1.0372563600540161 - score 0.7607
2019-07-13 20:02:17,474 ----------------------------------------------------------------------------------------------------
2019-07-13 20:02:24,815 epoch 15 - iter 0/745 - loss 0.53852081
2019-07-13 20:07:23,298 epoch 15 - iter 74/745 - loss 1.07062648
2019-07-13 20:12:23,540 epoch 15 - iter 148/745 - loss 1.11819139
2019-07-13 20:17:11,746 epoch 15 - iter 222/745 - loss 1.12649540
2019-07-13 20:22:19,787 epoch 15 - iter 296/745 - loss 1.14626532
2019-07-13 20:27:33,366 epoch 15 - iter 370/745 - loss 1.17122730
2019-07-13 20:32:40,015 epoch 15 - iter 444/745 - loss 1.18586698
2019-07-13 20:38:02,516 epoch 15 - iter 518/745 - loss 1.18331418
2019-07-13 20:43:18,622 epoch 15 - iter 592/745 - loss 1.18033173
2019-07-13 20:48:06,561 epoch 15 - iter 666/745 - loss 1.18071817
2019-07-13 20:52:41,540 epoch 15 - iter 740/745 - loss 1.18302960
2019-07-13 20:52:53,260 ----------------------------------------------------------------------------------------------------
2019-07-13 20:52:53,261 EPOCH 15 done: loss 1.1805 - lr 0.1000 - bad epochs 1
2019-07-13 21:29:05,543 DEV : loss 1.3923509120941162 - score 0.7437
2019-07-13 22:00:39,516 TEST : loss 0.9907463192939758 - score 0.7805
2019-07-13 22:00:43,481 ----------------------------------------------------------------------------------------------------
2019-07-13 22:00:47,676 epoch 16 - iter 0/745 - loss 0.35135698
2019-07-13 22:06:13,911 epoch 16 - iter 74/745 - loss 1.16292017
2019-07-13 22:11:07,430 epoch 16 - iter 148/745 - loss 1.15772932
2019-07-13 22:16:13,245 epoch 16 - iter 222/745 - loss 1.11380557
2019-07-13 22:21:04,742 epoch 16 - iter 296/745 - loss 1.10847326
2019-07-13 22:26:29,160 epoch 16 - iter 370/745 - loss 1.11221514
2019-07-13 22:31:28,472 epoch 16 - iter 444/745 - loss 1.12616955
2019-07-13 22:36:37,973 epoch 16 - iter 518/745 - loss 1.11633659
2019-07-13 22:41:28,439 epoch 16 - iter 592/745 - loss 1.11560468
2019-07-13 22:46:24,546 epoch 16 - iter 666/745 - loss 1.11400572
2019-07-13 22:51:30,041 epoch 16 - iter 740/745 - loss 1.12044628
2019-07-13 22:51:43,908 ----------------------------------------------------------------------------------------------------
2019-07-13 22:51:43,909 EPOCH 16 done: loss 1.1194 - lr 0.1000 - bad epochs 0
2019-07-13 23:28:02,442 DEV : loss 1.3984553813934326 - score 0.7382
2019-07-13 23:59:26,733 TEST : loss 1.0015954971313477 - score 0.7767
2019-07-13 23:59:26,734 ----------------------------------------------------------------------------------------------------
2019-07-13 23:59:30,195 epoch 17 - iter 0/745 - loss 0.66253281
2019-07-14 00:04:32,804 epoch 17 - iter 74/745 - loss 1.05668230
2019-07-14 00:09:35,180 epoch 17 - iter 148/745 - loss 1.05164405
2019-07-14 00:14:42,477 epoch 17 - iter 222/745 - loss 1.06303803
2019-07-14 00:19:38,397 epoch 17 - iter 296/745 - loss 1.06757847
2019-07-14 00:25:05,848 epoch 17 - iter 370/745 - loss 1.08273088
2019-07-14 00:30:06,897 epoch 17 - iter 444/745 - loss 1.09008680
2019-07-14 00:34:40,061 epoch 17 - iter 518/745 - loss 1.07742348
2019-07-14 00:39:46,226 epoch 17 - iter 592/745 - loss 1.08930051
2019-07-14 00:44:43,467 epoch 17 - iter 666/745 - loss 1.08790936
2019-07-14 00:49:46,759 epoch 17 - iter 740/745 - loss 1.09051758
2019-07-14 00:50:02,620 ----------------------------------------------------------------------------------------------------
2019-07-14 00:50:02,621 EPOCH 17 done: loss 1.0874 - lr 0.1000 - bad epochs 1
2019-07-14 01:27:00,889 DEV : loss 1.408454418182373 - score 0.742
2019-07-14 01:58:36,891 TEST : loss 1.031025767326355 - score 0.7778
2019-07-14 01:58:36,892 ----------------------------------------------------------------------------------------------------
2019-07-14 01:58:41,450 epoch 18 - iter 0/745 - loss 0.84696674
2019-07-14 02:03:31,486 epoch 18 - iter 74/745 - loss 1.01431775
2019-07-14 02:08:31,522 epoch 18 - iter 148/745 - loss 1.08247889
2019-07-14 02:13:29,304 epoch 18 - iter 222/745 - loss 1.04955166
2019-07-14 02:18:48,196 epoch 18 - iter 296/745 - loss 1.05066087
2019-07-14 02:23:54,378 epoch 18 - iter 370/745 - loss 1.05341213
2019-07-14 02:29:09,340 epoch 18 - iter 444/745 - loss 1.05668411
2019-07-14 02:34:02,230 epoch 18 - iter 518/745 - loss 1.05906678
2019-07-14 02:38:55,244 epoch 18 - iter 592/745 - loss 1.07295174
2019-07-14 02:44:10,783 epoch 18 - iter 666/745 - loss 1.07153683
2019-07-14 02:49:17,365 epoch 18 - iter 740/745 - loss 1.06849451
2019-07-14 02:49:33,233 ----------------------------------------------------------------------------------------------------
2019-07-14 02:49:33,233 EPOCH 18 done: loss 1.0671 - lr 0.1000 - bad epochs 2
2019-07-14 03:27:07,364 DEV : loss 1.4385751485824585 - score 0.7426
2019-07-14 03:59:17,172 TEST : loss 1.0305737257003784 - score 0.7806
2019-07-14 03:59:17,173 ----------------------------------------------------------------------------------------------------
2019-07-14 03:59:20,787 epoch 19 - iter 0/745 - loss 1.40727115
2019-07-14 04:04:29,189 epoch 19 - iter 74/745 - loss 1.13465349
2019-07-14 04:09:16,544 epoch 19 - iter 148/745 - loss 1.13511588
2019-07-14 04:14:42,990 epoch 19 - iter 222/745 - loss 1.10093323
2019-07-14 04:19:31,913 epoch 19 - iter 296/745 - loss 1.08947856
2019-07-14 04:24:42,659 epoch 19 - iter 370/745 - loss 1.07176051
2019-07-14 04:29:33,549 epoch 19 - iter 444/745 - loss 1.06138738
2019-07-14 04:34:38,916 epoch 19 - iter 518/745 - loss 1.06107535
2019-07-14 04:39:42,445 epoch 19 - iter 592/745 - loss 1.05665704
2019-07-14 04:44:43,649 epoch 19 - iter 666/745 - loss 1.05428363
2019-07-14 04:49:48,263 epoch 19 - iter 740/745 - loss 1.05584842
2019-07-14 04:50:02,797 ----------------------------------------------------------------------------------------------------
2019-07-14 04:50:02,798 EPOCH 19 done: loss 1.0540 - lr 0.1000 - bad epochs 3
2019-07-14 05:26:39,331 DEV : loss 1.4172176122665405 - score 0.7465
2019-07-14 05:58:13,302 TEST : loss 1.0060513019561768 - score 0.7827
2019-07-14 05:58:17,352 ----------------------------------------------------------------------------------------------------
2019-07-14 05:58:23,241 epoch 20 - iter 0/745 - loss 1.04029560
2019-07-14 06:03:35,021 epoch 20 - iter 74/745 - loss 1.09489774
2019-07-14 06:08:23,333 epoch 20 - iter 148/745 - loss 1.01823994
2019-07-14 06:13:44,348 epoch 20 - iter 222/745 - loss 1.05691316
2019-07-14 06:18:45,355 epoch 20 - iter 296/745 - loss 1.07052295
2019-07-14 06:23:37,592 epoch 20 - iter 370/745 - loss 1.04953303
2019-07-14 06:28:21,285 epoch 20 - iter 444/745 - loss 1.05989899
2019-07-14 06:33:21,920 epoch 20 - iter 518/745 - loss 1.05896152
2019-07-14 06:38:38,333 epoch 20 - iter 592/745 - loss 1.05693255
2019-07-14 06:43:35,446 epoch 20 - iter 666/745 - loss 1.05024213
2019-07-14 06:49:04,321 epoch 20 - iter 740/745 - loss 1.05819206
2019-07-14 06:49:19,185 ----------------------------------------------------------------------------------------------------
2019-07-14 06:49:19,186 EPOCH 20 done: loss 1.0569 - lr 0.1000 - bad epochs 0
2019-07-14 07:25:43,173 DEV : loss 1.441555380821228 - score 0.7474
2019-07-14 07:57:15,570 TEST : loss 1.0184767246246338 - score 0.7859
2019-07-14 07:57:19,541 ----------------------------------------------------------------------------------------------------
2019-07-14 07:57:25,594 epoch 21 - iter 0/745 - loss 0.39873791
2019-07-14 08:02:40,037 epoch 21 - iter 74/745 - loss 0.96879412
2019-07-14 08:07:48,628 epoch 21 - iter 148/745 - loss 1.00075463
2019-07-14 08:12:52,340 epoch 21 - iter 222/745 - loss 1.01808331
2019-07-14 08:17:54,225 epoch 21 - iter 296/745 - loss 1.02609174
2019-07-14 08:22:51,334 epoch 21 - iter 370/745 - loss 1.03176030
2019-07-14 08:28:05,793 epoch 21 - iter 444/745 - loss 1.04723115
2019-07-14 08:32:58,872 epoch 21 - iter 518/745 - loss 1.03387200
2019-07-14 08:38:03,755 epoch 21 - iter 592/745 - loss 1.03386132
2019-07-14 08:43:14,471 epoch 21 - iter 666/745 - loss 1.03637072
2019-07-14 08:48:13,867 epoch 21 - iter 740/745 - loss 1.02248221
2019-07-14 08:48:23,400 ----------------------------------------------------------------------------------------------------
2019-07-14 08:48:23,401 EPOCH 21 done: loss 1.0215 - lr 0.1000 - bad epochs 0
2019-07-14 09:25:12,673 DEV : loss 1.416193962097168 - score 0.7496
2019-07-14 09:57:10,256 TEST : loss 0.9768906235694885 - score 0.7906
2019-07-14 09:57:14,162 ----------------------------------------------------------------------------------------------------
2019-07-14 09:57:20,210 epoch 22 - iter 0/745 - loss 1.59834194
2019-07-14 10:02:09,842 epoch 22 - iter 74/745 - loss 1.05575571
2019-07-14 10:07:20,260 epoch 22 - iter 148/745 - loss 1.02964946
2019-07-14 10:12:18,304 epoch 22 - iter 222/745 - loss 1.02385240
2019-07-14 10:17:25,110 epoch 22 - iter 296/745 - loss 1.02163291
2019-07-14 10:22:47,677 epoch 22 - iter 370/745 - loss 1.01862696
2019-07-14 10:27:48,921 epoch 22 - iter 444/745 - loss 1.02050992
2019-07-14 10:32:22,124 epoch 22 - iter 518/745 - loss 1.00722668
2019-07-14 10:37:27,467 epoch 22 - iter 592/745 - loss 1.00724787
2019-07-14 10:42:28,527 epoch 22 - iter 666/745 - loss 1.01149153
2019-07-14 10:47:27,830 epoch 22 - iter 740/745 - loss 1.01609494
2019-07-14 10:47:39,498 ----------------------------------------------------------------------------------------------------
2019-07-14 10:47:39,499 EPOCH 22 done: loss 1.0140 - lr 0.1000 - bad epochs 0
2019-07-14 11:24:11,811 DEV : loss 1.4070910215377808 - score 0.7474
2019-07-14 11:55:37,297 TEST : loss 0.9859601259231567 - score 0.7875
2019-07-14 11:55:37,298 ----------------------------------------------------------------------------------------------------
2019-07-14 11:55:43,643 epoch 23 - iter 0/745 - loss 1.63111782
2019-07-14 12:00:51,114 epoch 23 - iter 74/745 - loss 0.99578047
2019-07-14 12:05:38,708 epoch 23 - iter 148/745 - loss 0.93010333
2019-07-14 12:10:43,113 epoch 23 - iter 222/745 - loss 0.96154891
2019-07-14 12:15:59,687 epoch 23 - iter 296/745 - loss 0.97491699
2019-07-14 12:21:20,436 epoch 23 - iter 370/745 - loss 0.99117370
2019-07-14 12:26:28,640 epoch 23 - iter 444/745 - loss 1.00238107
2019-07-14 12:31:35,253 epoch 23 - iter 518/745 - loss 0.98430209
2019-07-14 12:36:17,596 epoch 23 - iter 592/745 - loss 0.99218230
2019-07-14 12:41:13,288 epoch 23 - iter 666/745 - loss 0.98798095
2019-07-14 12:46:11,063 epoch 23 - iter 740/745 - loss 0.98227499
2019-07-14 12:46:23,770 ----------------------------------------------------------------------------------------------------
2019-07-14 12:46:23,771 EPOCH 23 done: loss 0.9826 - lr 0.1000 - bad epochs 1
2019-07-14 13:23:26,057 DEV : loss 1.4472061395645142 - score 0.7504
2019-07-14 13:55:16,052 TEST : loss 1.0251028537750244 - score 0.7837
2019-07-14 13:55:20,055 ----------------------------------------------------------------------------------------------------
2019-07-14 13:55:23,878 epoch 24 - iter 0/745 - loss 0.97724819
2019-07-14 14:00:18,688 epoch 24 - iter 74/745 - loss 0.89979607
2019-07-14 14:05:30,546 epoch 24 - iter 148/745 - loss 0.95989465
2019-07-14 14:10:22,341 epoch 24 - iter 222/745 - loss 0.96491506
2019-07-14 14:15:22,601 epoch 24 - iter 296/745 - loss 0.96727427
2019-07-14 14:20:08,399 epoch 24 - iter 370/745 - loss 0.97198742
2019-07-14 14:25:20,996 epoch 24 - iter 444/745 - loss 0.95968741
2019-07-14 14:30:18,319 epoch 24 - iter 518/745 - loss 0.96591671
2019-07-14 14:35:30,160 epoch 24 - iter 592/745 - loss 0.95260163
2019-07-14 14:40:24,671 epoch 24 - iter 666/745 - loss 0.94349115
2019-07-14 14:45:28,833 epoch 24 - iter 740/745 - loss 0.94983373
2019-07-14 14:45:40,698 ----------------------------------------------------------------------------------------------------
2019-07-14 14:45:40,699 EPOCH 24 done: loss 0.9545 - lr 0.1000 - bad epochs 0
2019-07-14 15:22:03,842 DEV : loss 1.4295499324798584 - score 0.7508
2019-07-14 15:53:10,960 TEST : loss 0.9738646745681763 - score 0.7905
2019-07-14 15:53:15,092 ----------------------------------------------------------------------------------------------------
2019-07-14 15:53:19,064 epoch 25 - iter 0/745 - loss 0.35187894
2019-07-14 15:58:26,505 epoch 25 - iter 74/745 - loss 0.85094647
2019-07-14 16:03:40,990 epoch 25 - iter 148/745 - loss 0.92062432
2019-07-14 16:08:41,573 epoch 25 - iter 222/745 - loss 0.93464105
2019-07-14 16:13:38,554 epoch 25 - iter 296/745 - loss 0.96366698
2019-07-14 16:18:30,097 epoch 25 - iter 370/745 - loss 0.95139408
2019-07-14 16:24:00,104 epoch 25 - iter 444/745 - loss 0.95227602
2019-07-14 16:28:55,530 epoch 25 - iter 518/745 - loss 0.94971304
2019-07-14 16:34:02,668 epoch 25 - iter 592/745 - loss 0.95547486
2019-07-14 16:39:18,153 epoch 25 - iter 666/745 - loss 0.95540865
2019-07-14 16:44:22,481 epoch 25 - iter 740/745 - loss 0.96624005
2019-07-14 16:44:35,207 ----------------------------------------------------------------------------------------------------
2019-07-14 16:44:35,208 EPOCH 25 done: loss 0.9659 - lr 0.1000 - bad epochs 0
2019-07-14 17:21:45,412 DEV : loss 1.464454174041748 - score 0.7513
2019-07-14 17:53:30,612 TEST : loss 1.0027506351470947 - score 0.7888
2019-07-14 17:53:34,676 ----------------------------------------------------------------------------------------------------
2019-07-14 17:53:38,367 epoch 26 - iter 0/745 - loss 1.06136179
2019-07-14 17:58:46,475 epoch 26 - iter 74/745 - loss 1.01804813
2019-07-14 18:03:56,388 epoch 26 - iter 148/745 - loss 0.92659293
2019-07-14 18:08:35,125 epoch 26 - iter 222/745 - loss 0.90876108
2019-07-14 18:13:35,337 epoch 26 - iter 296/745 - loss 0.90255542
2019-07-14 18:18:36,049 epoch 26 - iter 370/745 - loss 0.92402098
2019-07-14 18:23:37,247 epoch 26 - iter 444/745 - loss 0.92694582
2019-07-14 18:28:48,364 epoch 26 - iter 518/745 - loss 0.93499023
2019-07-14 18:33:57,322 epoch 26 - iter 592/745 - loss 0.92006435
2019-07-14 18:38:44,215 epoch 26 - iter 666/745 - loss 0.92644795
2019-07-14 18:43:53,358 epoch 26 - iter 740/745 - loss 0.91744980
2019-07-14 18:44:06,059 ----------------------------------------------------------------------------------------------------
2019-07-14 18:44:06,060 EPOCH 26 done: loss 0.9175 - lr 0.1000 - bad epochs 0
2019-07-14 19:20:47,330 DEV : loss 1.4973392486572266 - score 0.7527
2019-07-14 19:52:07,447 TEST : loss 0.9997057914733887 - score 0.7938
2019-07-14 19:52:11,324 ----------------------------------------------------------------------------------------------------
2019-07-14 19:52:16,041 epoch 27 - iter 0/745 - loss 0.65257263
2019-07-14 19:57:16,270 epoch 27 - iter 74/745 - loss 0.90785753
2019-07-14 20:02:13,996 epoch 27 - iter 148/745 - loss 0.89809495
2019-07-14 20:07:27,492 epoch 27 - iter 222/745 - loss 0.90625648
2019-07-14 20:12:09,805 epoch 27 - iter 296/745 - loss 0.89913563
2019-07-14 20:17:02,893 epoch 27 - iter 370/745 - loss 0.89003128
2019-07-14 20:21:48,478 epoch 27 - iter 444/745 - loss 0.89719705
2019-07-14 20:26:49,948 epoch 27 - iter 518/745 - loss 0.90646877
2019-07-14 20:32:34,117 epoch 27 - iter 592/745 - loss 0.91883750
2019-07-14 20:37:28,400 epoch 27 - iter 666/745 - loss 0.92164490
2019-07-14 20:42:22,831 epoch 27 - iter 740/745 - loss 0.92051982
2019-07-14 20:42:34,985 ----------------------------------------------------------------------------------------------------
2019-07-14 20:42:34,986 EPOCH 27 done: loss 0.9208 - lr 0.1000 - bad epochs 0
2019-07-14 21:18:50,945 DEV : loss 1.3903005123138428 - score 0.7556
2019-07-14 21:50:05,254 TEST : loss 0.9374706745147705 - score 0.7968
2019-07-14 21:50:09,281 ----------------------------------------------------------------------------------------------------
2019-07-14 21:50:12,936 epoch 28 - iter 0/745 - loss 1.09143162
2019-07-14 21:55:14,084 epoch 28 - iter 74/745 - loss 0.94026695
2019-07-14 22:00:09,027 epoch 28 - iter 148/745 - loss 0.88867404
2019-07-14 22:05:30,754 epoch 28 - iter 222/745 - loss 0.90871804
2019-07-14 22:10:28,755 epoch 28 - iter 296/745 - loss 0.93264620
2019-07-14 22:15:19,991 epoch 28 - iter 370/745 - loss 0.93696623
2019-07-14 22:20:27,993 epoch 28 - iter 444/745 - loss 0.93031525
2019-07-14 22:25:28,535 epoch 28 - iter 518/745 - loss 0.92777101
2019-07-14 22:30:08,232 epoch 28 - iter 592/745 - loss 0.91377382
2019-07-14 22:35:04,037 epoch 28 - iter 666/745 - loss 0.90950644
2019-07-14 22:39:49,209 epoch 28 - iter 740/745 - loss 0.90978600
2019-07-14 22:40:06,947 ----------------------------------------------------------------------------------------------------
2019-07-14 22:40:06,948 EPOCH 28 done: loss 0.9084 - lr 0.1000 - bad epochs 0
2019-07-14 23:16:18,296 DEV : loss 1.5002131462097168 - score 0.7567
2019-07-14 23:48:03,114 TEST : loss 1.0264458656311035 - score 0.7925
2019-07-14 23:48:07,015 ----------------------------------------------------------------------------------------------------
2019-07-14 23:48:10,531 epoch 29 - iter 0/745 - loss 0.16897583
2019-07-14 23:53:14,230 epoch 29 - iter 74/745 - loss 0.91976560
2019-07-14 23:57:59,540 epoch 29 - iter 148/745 - loss 0.94012107
2019-07-15 00:03:03,826 epoch 29 - iter 222/745 - loss 0.92631969
2019-07-15 00:08:01,967 epoch 29 - iter 296/745 - loss 0.90976069
2019-07-15 00:13:02,326 epoch 29 - iter 370/745 - loss 0.91019960
2019-07-15 00:17:57,920 epoch 29 - iter 444/745 - loss 0.90830500
2019-07-15 00:22:52,803 epoch 29 - iter 518/745 - loss 0.89849212
2019-07-15 00:27:39,474 epoch 29 - iter 592/745 - loss 0.90189160
2019-07-15 00:32:51,793 epoch 29 - iter 666/745 - loss 0.89956933
2019-07-15 00:37:45,400 epoch 29 - iter 740/745 - loss 0.90654915
2019-07-15 00:37:59,776 ----------------------------------------------------------------------------------------------------
2019-07-15 00:37:59,778 EPOCH 29 done: loss 0.9040 - lr 0.1000 - bad epochs 0
2019-07-15 01:14:06,031 DEV : loss 1.4361975193023682 - score 0.7563
2019-07-15 01:45:27,461 TEST : loss 0.9932733774185181 - score 0.793
2019-07-15 01:45:27,461 ----------------------------------------------------------------------------------------------------
2019-07-15 01:45:32,841 epoch 30 - iter 0/745 - loss 0.92070007
2019-07-15 01:50:54,012 epoch 30 - iter 74/745 - loss 0.84789999
2019-07-15 01:55:51,184 epoch 30 - iter 148/745 - loss 0.85959585
2019-07-15 02:00:52,200 epoch 30 - iter 222/745 - loss 0.85090588
2019-07-15 02:05:57,423 epoch 30 - iter 296/745 - loss 0.86314432
2019-07-15 02:10:51,767 epoch 30 - iter 370/745 - loss 0.87851888
2019-07-15 02:15:47,458 epoch 30 - iter 444/745 - loss 0.87041790
2019-07-15 02:20:53,669 epoch 30 - iter 518/745 - loss 0.88087971
2019-07-15 02:25:44,603 epoch 30 - iter 592/745 - loss 0.88653454
2019-07-15 02:30:37,489 epoch 30 - iter 666/745 - loss 0.88428308
2019-07-15 02:35:27,833 epoch 30 - iter 740/745 - loss 0.87175307
2019-07-15 02:35:37,773 ----------------------------------------------------------------------------------------------------
2019-07-15 02:35:37,774 EPOCH 30 done: loss 0.8714 - lr 0.1000 - bad epochs 1
2019-07-15 03:12:09,072 DEV : loss 1.4507256746292114 - score 0.7581
2019-07-15 03:44:14,558 TEST : loss 0.9844934940338135 - score 0.797
2019-07-15 03:44:19,505 ----------------------------------------------------------------------------------------------------
2019-07-15 03:44:23,379 epoch 31 - iter 0/745 - loss 0.15404987
2019-07-15 03:49:09,723 epoch 31 - iter 74/745 - loss 0.85553513
2019-07-15 03:54:08,615 epoch 31 - iter 148/745 - loss 0.82940046
2019-07-15 03:59:17,603 epoch 31 - iter 222/745 - loss 0.85516494
2019-07-15 04:04:14,077 epoch 31 - iter 296/745 - loss 0.86702639
2019-07-15 04:09:17,602 epoch 31 - iter 370/745 - loss 0.87150187
2019-07-15 04:14:23,702 epoch 31 - iter 444/745 - loss 0.86733042
2019-07-15 04:19:27,828 epoch 31 - iter 518/745 - loss 0.86789673
2019-07-15 04:24:30,572 epoch 31 - iter 592/745 - loss 0.86904679
2019-07-15 04:29:21,570 epoch 31 - iter 666/745 - loss 0.86728463
2019-07-15 04:34:24,209 epoch 31 - iter 740/745 - loss 0.86638542
2019-07-15 04:34:37,483 ----------------------------------------------------------------------------------------------------
2019-07-15 04:34:37,484 EPOCH 31 done: loss 0.8655 - lr 0.1000 - bad epochs 0
2019-07-15 05:10:58,344 DEV : loss 1.4712947607040405 - score 0.7571
2019-07-15 05:42:12,708 TEST : loss 0.996971845626831 - score 0.7953
2019-07-15 05:42:12,709 ----------------------------------------------------------------------------------------------------
2019-07-15 05:42:17,077 epoch 32 - iter 0/745 - loss 1.08598614
2019-07-15 05:47:30,538 epoch 32 - iter 74/745 - loss 0.87598545
2019-07-15 05:52:26,577 epoch 32 - iter 148/745 - loss 0.81625590
2019-07-15 05:57:28,981 epoch 32 - iter 222/745 - loss 0.81432659
2019-07-15 06:02:11,502 epoch 32 - iter 296/745 - loss 0.83198502
2019-07-15 06:06:50,982 epoch 32 - iter 370/745 - loss 0.82322746
2019-07-15 06:11:35,646 epoch 32 - iter 444/745 - loss 0.83328732
2019-07-15 06:16:29,069 epoch 32 - iter 518/745 - loss 0.84714454
2019-07-15 06:21:23,534 epoch 32 - iter 592/745 - loss 0.84217309
2019-07-15 06:26:40,388 epoch 32 - iter 666/745 - loss 0.84319646
2019-07-15 06:31:42,305 epoch 32 - iter 740/745 - loss 0.86004751
2019-07-15 06:31:54,493 ----------------------------------------------------------------------------------------------------
2019-07-15 06:31:54,494 EPOCH 32 done: loss 0.8580 - lr 0.1000 - bad epochs 1
2019-07-15 07:08:56,343 DEV : loss 1.465659260749817 - score 0.7567
2019-07-15 07:40:35,286 TEST : loss 0.996889591217041 - score 0.7925
2019-07-15 07:40:35,287 ----------------------------------------------------------------------------------------------------
2019-07-15 07:40:40,361 epoch 33 - iter 0/745 - loss 0.71774876
2019-07-15 07:45:43,276 epoch 33 - iter 74/745 - loss 0.84614408
2019-07-15 07:50:49,433 epoch 33 - iter 148/745 - loss 0.82915610
2019-07-15 07:55:55,203 epoch 33 - iter 222/745 - loss 0.83562504
2019-07-15 08:00:38,810 epoch 33 - iter 296/745 - loss 0.82403061
2019-07-15 08:05:38,932 epoch 33 - iter 370/745 - loss 0.82512902
2019-07-15 08:10:41,460 epoch 33 - iter 444/745 - loss 0.83134768
2019-07-15 08:15:35,968 epoch 33 - iter 518/745 - loss 0.81753836
2019-07-15 08:20:31,759 epoch 33 - iter 592/745 - loss 0.82237719
2019-07-15 08:25:23,241 epoch 33 - iter 666/745 - loss 0.82521059
2019-07-15 08:30:26,460 epoch 33 - iter 740/745 - loss 0.82449302
2019-07-15 08:30:40,587 ----------------------------------------------------------------------------------------------------
2019-07-15 08:30:40,588 EPOCH 33 done: loss 0.8237 - lr 0.1000 - bad epochs 2
2019-07-15 09:07:00,834 DEV : loss 1.5061194896697998 - score 0.7595
2019-07-15 09:38:07,436 TEST : loss 1.0166442394256592 - score 0.7975
2019-07-15 09:38:12,147 ----------------------------------------------------------------------------------------------------
2019-07-15 09:38:17,657 epoch 34 - iter 0/745 - loss 1.64215660
2019-07-15 09:43:13,880 epoch 34 - iter 74/745 - loss 0.85915963
2019-07-15 09:48:16,940 epoch 34 - iter 148/745 - loss 0.87758588
2019-07-15 09:53:07,281 epoch 34 - iter 222/745 - loss 0.85494976
2019-07-15 09:58:20,669 epoch 34 - iter 296/745 - loss 0.83378982
2019-07-15 10:03:27,077 epoch 34 - iter 370/745 - loss 0.84429778
2019-07-15 10:08:30,301 epoch 34 - iter 444/745 - loss 0.86945511
2019-07-15 10:13:37,202 epoch 34 - iter 518/745 - loss 0.86919381
2019-07-15 10:18:39,237 epoch 34 - iter 592/745 - loss 0.85510808
2019-07-15 10:24:01,417 epoch 34 - iter 666/745 - loss 0.84734639
2019-07-15 10:29:27,226 epoch 34 - iter 740/745 - loss 0.84130641
2019-07-15 10:29:43,370 ----------------------------------------------------------------------------------------------------
2019-07-15 10:29:43,371 EPOCH 34 done: loss 0.8416 - lr 0.1000 - bad epochs 0
2019-07-15 11:10:21,430 DEV : loss 1.4877575635910034 - score 0.7569
2019-07-15 11:46:03,498 TEST : loss 1.0417454242706299 - score 0.7935
2019-07-15 11:46:03,499 ----------------------------------------------------------------------------------------------------
2019-07-15 11:46:09,809 epoch 35 - iter 0/745 - loss 0.53916073
2019-07-15 11:51:18,789 epoch 35 - iter 74/745 - loss 0.88007897
2019-07-15 11:56:47,567 epoch 35 - iter 148/745 - loss 0.76297283
2019-07-15 12:02:06,316 epoch 35 - iter 222/745 - loss 0.79919826
2019-07-15 12:07:15,402 epoch 35 - iter 296/745 - loss 0.80486850
2019-07-15 12:12:18,906 epoch 35 - iter 370/745 - loss 0.78943792
2019-07-15 12:17:40,701 epoch 35 - iter 444/745 - loss 0.78427699
2019-07-15 12:23:14,992 epoch 35 - iter 518/745 - loss 0.80673723
2019-07-15 12:25:22,510 ----------------------------------------------------------------------------------------------------
2019-07-15 12:25:22,510 Exiting from training early.
2019-07-15 12:25:22,511 Saving model ...
2019-07-15 12:25:24,642 Done.
2019-07-15 12:25:24,643 ----------------------------------------------------------------------------------------------------
2019-07-15 12:25:24,644 Testing using best model ...
2019-07-15 12:25:24,645 loading file resources16/taggers/example-ner/best-model.pt
2019-07-15 12:58:01,234 0.8247	0.772	0.7975
2019-07-15 12:58:01,235 
MICRO_AVG: acc 0.6632 - f1-score 0.7975
MACRO_AVG: acc 0.5125 - f1-score 0.6316125
ABBREVIATION tp: 1024 - fp: 259 - fn: 533 - tn: 1024 - precision: 0.7981 - recall: 0.6577 - accuracy: 0.5639 - f1-score: 0.7211
FAMILY     tp: 948 - fp: 276 - fn: 460 - tn: 948 - precision: 0.7745 - recall: 0.6733 - accuracy: 0.5629 - f1-score: 0.7204
FORMULA    tp: 1157 - fp: 227 - fn: 238 - tn: 1157 - precision: 0.8360 - recall: 0.8294 - accuracy: 0.7133 - f1-score: 0.8327
IDENTIFIER tp: 156 - fp: 53 - fn: 40 - tn: 156 - precision: 0.7464 - recall: 0.7959 - accuracy: 0.6265 - f1-score: 0.7704
MULTIPLE   tp: 21 - fp: 12 - fn: 67 - tn: 21 - precision: 0.6364 - recall: 0.2386 - accuracy: 0.2100 - f1-score: 0.3471
NO         tp: 0 - fp: 0 - fn: 18 - tn: 0 - precision: 0.0000 - recall: 0.0000 - accuracy: 0.0000 - f1-score: 0.0000
SYSTEMATIC tp: 1771 - fp: 399 - fn: 490 - tn: 1771 - precision: 0.8161 - recall: 0.7833 - accuracy: 0.6658 - f1-score: 0.7994
TRIVIAL    tp: 2633 - fp: 413 - fn: 431 - tn: 2633 - precision: 0.8644 - recall: 0.8593 - accuracy: 0.7573 - f1-score: 0.8618
2019-07-15 12:58:01,236 ----------------------------------------------------------------------------------------------------
2019-07-15 13:39:27,939 loading file resources16/taggers/example-ner/final-model.pt
2019-07-15 13:39:36,489 loading file resources16/taggers/example-ner/final-model.pt
